<?xml version="1.0" encoding="UTF-8"?>
<testng-results ignored="1" total="2" passed="0" failed="1" skipped="0">
  <reporter-output>
  </reporter-output>
  <suite started-at="2024-09-23T21:13:24 IST" name="Default suite" finished-at="2024-09-23T21:13:57 IST" duration-ms="32763">
    <groups>
    </groups>
    <test started-at="2024-09-23T21:13:24 IST" name="Default test" finished-at="2024-09-23T21:13:57 IST" duration-ms="32763">
      <class name="tests.LoginEcom">
        <test-method is-config="true" signature="setUp()[pri:0, instance:tests.LoginEcom@73e9cf30]" started-at="2024-09-23T21:13:24 IST" name="setUp" finished-at="2024-09-23T21:13:33 IST" duration-ms="8202" status="PASS">
          <reporter-output>
          </reporter-output>
        </test-method> <!-- setUp -->
        <test-method signature="testLogin()[pri:0, instance:tests.LoginEcom@73e9cf30]" started-at="2024-09-23T21:13:33 IST" name="testLogin" finished-at="2024-09-23T21:13:57 IST" duration-ms="24520" status="FAIL">
          <exception class="org.openqa.selenium.NoSuchElementException">
            <message>
              <![CDATA[An element could not be located on the page using the given search parameters.
For documentation on this error, please visit: https://www.selenium.dev/documentation/webdriver/troubleshooting/errors#no-such-element-exception
Build info: version: '4.12.1', revision: '8e34639b11'
System info: os.name: 'Windows 11', os.arch: 'amd64', os.version: '10.0', java.version: '17.0.9'
Driver info: io.appium.java_client.android.AndroidDriver
Command: [2902753d-b7e8-42eb-8ef6-5ebbe0c3f59d, findElement {using=xpath, value=(//android.widget.FrameLayout[@resource-id="com.alieser.libraryproject:id/cvProductRow"])[1]/android.view.ViewGroup}]
Capabilities {appium:appActivity: com.alieser.libraryproject...., appium:appPackage: com.alieser.libraryproject, appium:automationName: uiautomator2, appium:databaseEnabled: false, appium:desired: {appActivity: com.alieser.libraryproject...., appPackage: com.alieser.libraryproject, automationName: uiautomator2, deviceName: motorola moto g54 5G, platformName: ANDROID}, appium:deviceApiLevel: 34, appium:deviceManufacturer: motorola, appium:deviceModel: moto g54 5G, appium:deviceName: ZD222JTP36, appium:deviceScreenDensity: 400, appium:deviceScreenSize: 1080x2400, appium:deviceUDID: ZD222JTP36, appium:javascriptEnabled: true, appium:locationContextEnabled: false, appium:networkConnectionEnabled: true, appium:pixelRatio: 2.5, appium:platformVersion: 14, appium:statBarHeight: 117, appium:takesScreenshot: true, appium:viewportRect: {height: 2283, left: 0, top: 117, width: 1080}, appium:warnings: {}, appium:webStorageEnabled: false, platformName: ANDROID}
Session ID: 2902753d-b7e8-42eb-8ef6-5ebbe0c3f59d]]>
            </message>
            <full-stacktrace>
              <![CDATA[org.openqa.selenium.NoSuchElementException: An element could not be located on the page using the given search parameters.
For documentation on this error, please visit: https://www.selenium.dev/documentation/webdriver/troubleshooting/errors#no-such-element-exception
Build info: version: '4.12.1', revision: '8e34639b11'
System info: os.name: 'Windows 11', os.arch: 'amd64', os.version: '10.0', java.version: '17.0.9'
Driver info: io.appium.java_client.android.AndroidDriver
Command: [2902753d-b7e8-42eb-8ef6-5ebbe0c3f59d, findElement {using=xpath, value=(//android.widget.FrameLayout[@resource-id="com.alieser.libraryproject:id/cvProductRow"])[1]/android.view.ViewGroup}]
Capabilities {appium:appActivity: com.alieser.libraryproject...., appium:appPackage: com.alieser.libraryproject, appium:automationName: uiautomator2, appium:databaseEnabled: false, appium:desired: {appActivity: com.alieser.libraryproject...., appPackage: com.alieser.libraryproject, automationName: uiautomator2, deviceName: motorola moto g54 5G, platformName: ANDROID}, appium:deviceApiLevel: 34, appium:deviceManufacturer: motorola, appium:deviceModel: moto g54 5G, appium:deviceName: ZD222JTP36, appium:deviceScreenDensity: 400, appium:deviceScreenSize: 1080x2400, appium:deviceUDID: ZD222JTP36, appium:javascriptEnabled: true, appium:locationContextEnabled: false, appium:networkConnectionEnabled: true, appium:pixelRatio: 2.5, appium:platformVersion: 14, appium:statBarHeight: 117, appium:takesScreenshot: true, appium:viewportRect: {height: 2283, left: 0, top: 117, width: 1080}, appium:warnings: {}, appium:webStorageEnabled: false, platformName: ANDROID}
Session ID: 2902753d-b7e8-42eb-8ef6-5ebbe0c3f59d
at java.base/jdk.internal.reflect.NativeConstructorAccessorImpl.newInstance0(Native Method)
at java.base/jdk.internal.reflect.NativeConstructorAccessorImpl.newInstance(NativeConstructorAccessorImpl.java:77)
at java.base/jdk.internal.reflect.DelegatingConstructorAccessorImpl.newInstance(DelegatingConstructorAccessorImpl.java:45)
at java.base/java.lang.reflect.Constructor.newInstanceWithCaller(Constructor.java:499)
at java.base/java.lang.reflect.Constructor.newInstance(Constructor.java:480)
at org.openqa.selenium.remote.codec.w3c.W3CHttpResponseCodec.createException(W3CHttpResponseCodec.java:200)
at org.openqa.selenium.remote.codec.w3c.W3CHttpResponseCodec.decode(W3CHttpResponseCodec.java:133)
at org.openqa.selenium.remote.codec.w3c.W3CHttpResponseCodec.decode(W3CHttpResponseCodec.java:52)
at org.openqa.selenium.remote.HttpCommandExecutor.execute(HttpCommandExecutor.java:191)
at io.appium.java_client.remote.AppiumCommandExecutor.execute(AppiumCommandExecutor.java:250)
at org.openqa.selenium.remote.RemoteWebDriver.execute(RemoteWebDriver.java:602)
at org.openqa.selenium.remote.ElementLocation$ElementFinder$2.findElement(ElementLocation.java:165)
at org.openqa.selenium.remote.ElementLocation.findElement(ElementLocation.java:59)
at org.openqa.selenium.remote.RemoteWebDriver.findElement(RemoteWebDriver.java:359)
at org.openqa.selenium.remote.RemoteWebDriver.findElement(RemoteWebDriver.java:353)
at tests.LoginEcom.testLogin(LoginEcom.java:38)
at java.base/jdk.internal.reflect.NativeMethodAccessorImpl.invoke0(Native Method)
at java.base/jdk.internal.reflect.NativeMethodAccessorImpl.invoke(NativeMethodAccessorImpl.java:77)
at java.base/jdk.internal.reflect.DelegatingMethodAccessorImpl.invoke(DelegatingMethodAccessorImpl.java:43)
at java.base/java.lang.reflect.Method.invoke(Method.java:568)
at org.testng.internal.MethodInvocationHelper.invokeMethod(MethodInvocationHelper.java:133)
at org.testng.internal.TestInvoker.invokeMethod(TestInvoker.java:598)
at org.testng.internal.TestInvoker.invokeTestMethod(TestInvoker.java:173)
at org.testng.internal.MethodRunner.runInSequence(MethodRunner.java:46)
at org.testng.internal.TestInvoker$MethodInvocationAgent.invoke(TestInvoker.java:824)
at org.testng.internal.TestInvoker.invokeTestMethods(TestInvoker.java:146)
at org.testng.internal.TestMethodWorker.invokeTestMethods(TestMethodWorker.java:146)
at org.testng.internal.TestMethodWorker.run(TestMethodWorker.java:128)
at java.base/java.util.ArrayList.forEach(ArrayList.java:1511)
at org.testng.TestRunner.privateRun(TestRunner.java:794)
at org.testng.TestRunner.run(TestRunner.java:596)
at org.testng.SuiteRunner.runTest(SuiteRunner.java:377)
at org.testng.SuiteRunner.runSequentially(SuiteRunner.java:371)
at org.testng.SuiteRunner.privateRun(SuiteRunner.java:332)
at org.testng.SuiteRunner.run(SuiteRunner.java:276)
at org.testng.SuiteRunnerWorker.runSuite(SuiteRunnerWorker.java:53)
at org.testng.SuiteRunnerWorker.run(SuiteRunnerWorker.java:96)
at org.testng.TestNG.runSuitesSequentially(TestNG.java:1212)
at org.testng.TestNG.runSuitesLocally(TestNG.java:1134)
at org.testng.TestNG.runSuites(TestNG.java:1063)
at org.testng.TestNG.run(TestNG.java:1031)
at org.testng.remote.AbstractRemoteTestNG.run(AbstractRemoteTestNG.java:115)
at org.testng.remote.RemoteTestNG.initAndRun(RemoteTestNG.java:293)
at org.testng.remote.RemoteTestNG.main(RemoteTestNG.java:91)
]]>
            </full-stacktrace>
          </exception> <!-- org.openqa.selenium.NoSuchElementException -->
          <reporter-output>
          </reporter-output>
        </test-method> <!-- testLogin -->
      </class> <!-- tests.LoginEcom -->
    </test> <!-- Default test -->
  </suite> <!-- Default suite -->
</testng-results>
